<?xml version="1.0" encoding="UTF-8"?>
<Site BuildName="(empty)"
	BuildStamp="20241229-0248-Experimental"
	Name="wys-Victus-by-HP-Gaming-Laptop-15-fa1xxx"
	Generator="ctest-3.25.1"
	CompilerName="/usr/bin/clang++"
	CompilerVersion="14.0.0"
	OSName="Linux"
	Hostname="wys-Victus-by-HP-Gaming-Laptop-15-fa1xxx"
	OSRelease="6.8.0-50-generic"
	OSVersion="#51~22.04.1-Ubuntu SMP PREEMPT_DYNAMIC Thu Nov 21 12:03:03 UTC 2"
	OSPlatform="x86_64"
	Is64Bits="1"
	VendorString="GenuineIntel"
	VendorID="Intel Corporation"
	FamilyID="6"
	ModelID="186"
	ProcessorCacheSize="18432"
	NumberOfLogicalCPU="16"
	NumberOfPhysicalCPU="12"
	TotalVirtualMemory="19530"
	TotalPhysicalMemory="15626"
	LogicalProcessorsPerPhysical="1"
	ProcessorClockFrequency="2717.02"
	>
	<Testing>
		<StartDateTime>Dec 29 10:58 CST</StartDateTime>
		<StartTestTime>1735441101</StartTestTime>
		<TestList/>
		<EndDateTime>Dec 29 10:58 CST</EndDateTime>
		<EndTestTime>1735441101</EndTestTime>
		<ElapsedMinutes>0</ElapsedMinutes>
	</Testing>
</Site>
